<?xml version="1.0" encoding="UTF-8" ?>
<testsuite tests="14" failures="0" name="ru.spbau.pavlyutchenko.task1.GrepTest" time="0.111" errors="0" skipped="0">
  <properties>
[...]
</properties>
  <testcase classname="ru.spbau.pavlyutchenko.task1.GrepTest" name="testGrepWithWordRegexp2" time="0.006"/>
  <testcase classname="ru.spbau.pavlyutchenko.task1.GrepTest" name="testSimpleGrepWithoutArgs2" time="0"/>
  <testcase classname="ru.spbau.pavlyutchenko.task1.GrepTest" name="testGrepWithStartOfLineSymbol" time="0"/>
  <testcase classname="ru.spbau.pavlyutchenko.task1.GrepTest" name="testGrepWithAfterContextAndCaseIgnore" time="0"/>
  <testcase classname="ru.spbau.pavlyutchenko.task1.GrepTest" name="testGrepWithAfterContextAndCaseIgnoreAndWordRegexp" time="0"/>
  <testcase classname="ru.spbau.pavlyutchenko.task1.GrepTest" name="testGrepWithIgnoreCase" time="0"/>
  <testcase classname="ru.spbau.pavlyutchenko.task1.GrepTest" name="testSimpleGrepWithoutArgs" time="0"/>
  <testcase classname="ru.spbau.pavlyutchenko.task1.GrepTest" name="testGrepWithStartOfLineSymbolAndIgnoreCase" time="0"/>
  <testcase classname="ru.spbau.pavlyutchenko.task1.GrepTest" name="testGrepWithEndOfLineSymbolAndIgnoreCase" time="0"/>
  <testcase classname="ru.spbau.pavlyutchenko.task1.GrepTest" name="testGrepWithWordRegexp" time="0"/>
  <testcase classname="ru.spbau.pavlyutchenko.task1.GrepTest" name="testGrepWithAfterContextAndCaseIgnoreAndWordRegexp2" time="0"/>
  <testcase classname="ru.spbau.pavlyutchenko.task1.GrepTest" name="testGrepWithEndOfLineSymbol" time="0"/>
  <testcase classname="ru.spbau.pavlyutchenko.task1.GrepTest" name="testGrepWithAfterContext" time="0"/>
  <testcase classname="ru.spbau.pavlyutchenko.task1.GrepTest" name="testGrepWithWordRegexpAndIgnoreCase" time="0"/>
</testsuite>